Traceback (most recent call last):
  File "/Users/kthyng/miniconda3/envs/ciofs/lib/python3.10/site-packages/jupyter_cache/executors/utils.py", line 58, in single_nb_execution
    executenb(
  File "/Users/kthyng/miniconda3/envs/ciofs/lib/python3.10/site-packages/nbclient/client.py", line 1204, in execute
    return NotebookClient(nb=nb, resources=resources, km=km, **kwargs).execute()
  File "/Users/kthyng/miniconda3/envs/ciofs/lib/python3.10/site-packages/nbclient/util.py", line 84, in wrapped
    return just_run(coro(*args, **kwargs))
  File "/Users/kthyng/miniconda3/envs/ciofs/lib/python3.10/site-packages/nbclient/util.py", line 62, in just_run
    return loop.run_until_complete(coro)
  File "/Users/kthyng/miniconda3/envs/ciofs/lib/python3.10/asyncio/base_events.py", line 641, in run_until_complete
    return future.result()
  File "/Users/kthyng/miniconda3/envs/ciofs/lib/python3.10/site-packages/nbclient/client.py", line 663, in async_execute
    await self.async_execute_cell(
  File "/Users/kthyng/miniconda3/envs/ciofs/lib/python3.10/site-packages/nbclient/client.py", line 965, in async_execute_cell
    await self._check_raise_for_error(cell, cell_index, exec_reply)
  File "/Users/kthyng/miniconda3/envs/ciofs/lib/python3.10/site-packages/nbclient/client.py", line 862, in _check_raise_for_error
    raise CellExecutionError.from_cell_and_msg(cell, exec_reply_content)
nbclient.exceptions.CellExecutionError: An error occurred while executing the following cell:
------------------
cat['2005-07-16'].plot.salt() + cat['2005-07-16'].plot.temp()
------------------

[0;31m---------------------------------------------------------------------------[0m
[0;31mTimeoutError[0m                              Traceback (most recent call last)
File [0;32m~/miniconda3/envs/ciofs/lib/python3.10/site-packages/fsspec/asyn.py:55[0m, in [0;36m_runner[0;34m(event, coro, result, timeout)[0m
[1;32m     54[0m [38;5;28;01mtry[39;00m:
[0;32m---> 55[0m     result[[38;5;241m0[39m] [38;5;241m=[39m [38;5;28;01mawait[39;00m coro
[1;32m     56[0m [38;5;28;01mexcept[39;00m [38;5;167;01mException[39;00m [38;5;28;01mas[39;00m ex:

File [0;32m~/miniconda3/envs/ciofs/lib/python3.10/site-packages/fsspec/implementations/http.py:669[0m, in [0;36mHTTPFile.async_fetch_range[0;34m(self, start, end)[0m
[1;32m    667[0m [38;5;28;01mif[39;00m response_is_range:
[1;32m    668[0m     [38;5;66;03m# partial content, as expected[39;00m
[0;32m--> 669[0m     out [38;5;241m=[39m [38;5;28;01mawait[39;00m r[38;5;241m.[39mread()
[1;32m    670[0m [38;5;28;01melif[39;00m start [38;5;241m>[39m [38;5;241m0[39m:

File [0;32m~/miniconda3/envs/ciofs/lib/python3.10/site-packages/aiohttp/client_reqrep.py:1037[0m, in [0;36mClientResponse.read[0;34m(self)[0m
[1;32m   1036[0m [38;5;28;01mtry[39;00m:
[0;32m-> 1037[0m     [38;5;28mself[39m[38;5;241m.[39m_body [38;5;241m=[39m [38;5;28;01mawait[39;00m [38;5;28mself[39m[38;5;241m.[39mcontent[38;5;241m.[39mread()
[1;32m   1038[0m     [38;5;28;01mfor[39;00m trace [38;5;129;01min[39;00m [38;5;28mself[39m[38;5;241m.[39m_traces:

File [0;32m~/miniconda3/envs/ciofs/lib/python3.10/site-packages/aiohttp/streams.py:375[0m, in [0;36mStreamReader.read[0;34m(self, n)[0m
[1;32m    374[0m [38;5;28;01mwhile[39;00m [38;5;28;01mTrue[39;00m:
[0;32m--> 375[0m     block [38;5;241m=[39m [38;5;28;01mawait[39;00m [38;5;28mself[39m[38;5;241m.[39mreadany()
[1;32m    376[0m     [38;5;28;01mif[39;00m [38;5;129;01mnot[39;00m block:

File [0;32m~/miniconda3/envs/ciofs/lib/python3.10/site-packages/aiohttp/streams.py:397[0m, in [0;36mStreamReader.readany[0;34m(self)[0m
[1;32m    396[0m [38;5;28;01mwhile[39;00m [38;5;129;01mnot[39;00m [38;5;28mself[39m[38;5;241m.[39m_buffer [38;5;129;01mand[39;00m [38;5;129;01mnot[39;00m [38;5;28mself[39m[38;5;241m.[39m_eof:
[0;32m--> 397[0m     [38;5;28;01mawait[39;00m [38;5;28mself[39m[38;5;241m.[39m_wait([38;5;124m"[39m[38;5;124mreadany[39m[38;5;124m"[39m)
[1;32m    399[0m [38;5;28;01mreturn[39;00m [38;5;28mself[39m[38;5;241m.[39m_read_nowait([38;5;241m-[39m[38;5;241m1[39m)

File [0;32m~/miniconda3/envs/ciofs/lib/python3.10/site-packages/aiohttp/streams.py:303[0m, in [0;36mStreamReader._wait[0;34m(self, func_name)[0m
[1;32m    302[0m [38;5;28;01mif[39;00m [38;5;28mself[39m[38;5;241m.[39m_timer:
[0;32m--> 303[0m     [38;5;28;01mwith[39;00m [38;5;28mself[39m[38;5;241m.[39m_timer:
[1;32m    304[0m         [38;5;28;01mawait[39;00m waiter

File [0;32m~/miniconda3/envs/ciofs/lib/python3.10/site-packages/aiohttp/helpers.py:721[0m, in [0;36mTimerContext.__exit__[0;34m(self, exc_type, exc_val, exc_tb)[0m
[1;32m    720[0m [38;5;28;01mif[39;00m exc_type [38;5;129;01mis[39;00m asyncio[38;5;241m.[39mCancelledError [38;5;129;01mand[39;00m [38;5;28mself[39m[38;5;241m.[39m_cancelled:
[0;32m--> 721[0m     [38;5;28;01mraise[39;00m asyncio[38;5;241m.[39mTimeoutError [38;5;28;01mfrom[39;00m [38;5;28mNone[39m
[1;32m    722[0m [38;5;28;01mreturn[39;00m [38;5;28;01mNone[39;00m

[0;31mTimeoutError[0m: 

The above exception was the direct cause of the following exception:

[0;31mFSTimeoutError[0m                            Traceback (most recent call last)
File [0;32m~/miniconda3/envs/ciofs/lib/python3.10/site-packages/dask/backends.py:133[0m, in [0;36mCreationDispatch.register_inplace.<locals>.decorator.<locals>.wrapper[0;34m(*args, **kwargs)[0m
[1;32m    132[0m [38;5;28;01mtry[39;00m:
[0;32m--> 133[0m     [38;5;28;01mreturn[39;00m [43mfunc[49m[43m([49m[38;5;241;43m*[39;49m[43margs[49m[43m,[49m[43m [49m[38;5;241;43m*[39;49m[38;5;241;43m*[39;49m[43mkwargs[49m[43m)[49m
[1;32m    134[0m [38;5;28;01mexcept[39;00m [38;5;167;01mException[39;00m [38;5;28;01mas[39;00m e:

File [0;32m~/miniconda3/envs/ciofs/lib/python3.10/site-packages/dask/dataframe/io/csv.py:755[0m, in [0;36mmake_reader.<locals>.read[0;34m(urlpath, blocksize, lineterminator, compression, sample, sample_rows, enforce, assume_missing, storage_options, include_path_column, **kwargs)[0m
[1;32m    742[0m [38;5;28;01mdef[39;00m [38;5;21mread[39m(
[1;32m    743[0m     urlpath,
[1;32m    744[0m     blocksize[38;5;241m=[39m[38;5;124m"[39m[38;5;124mdefault[39m[38;5;124m"[39m,
[0;32m   (...)[0m
[1;32m    753[0m     [38;5;241m*[39m[38;5;241m*[39mkwargs,
[1;32m    754[0m ):
[0;32m--> 755[0m     [38;5;28;01mreturn[39;00m [43mread_pandas[49m[43m([49m
[1;32m    756[0m [43m        [49m[43mreader[49m[43m,[49m
[1;32m    757[0m [43m        [49m[43murlpath[49m[43m,[49m
[1;32m    758[0m [43m        [49m[43mblocksize[49m[38;5;241;43m=[39;49m[43mblocksize[49m[43m,[49m
[1;32m    759[0m [43m        [49m[43mlineterminator[49m[38;5;241;43m=[39;49m[43mlineterminator[49m[43m,[49m
[1;32m    760[0m [43m        [49m[43mcompression[49m[38;5;241;43m=[39;49m[43mcompression[49m[43m,[49m
[1;32m    761[0m [43m        [49m[43msample[49m[38;5;241;43m=[39;49m[43msample[49m[43m,[49m
[1;32m    762[0m [43m        [49m[43msample_rows[49m[38;5;241;43m=[39;49m[43msample_rows[49m[43m,[49m
[1;32m    763[0m [43m        [49m[43menforce[49m[38;5;241;43m=[39;49m[43menforce[49m[43m,[49m
[1;32m    764[0m [43m        [49m[43massume_missing[49m[38;5;241;43m=[39;49m[43massume_missing[49m[43m,[49m
[1;32m    765[0m [43m        [49m[43mstorage_options[49m[38;5;241;43m=[39;49m[43mstorage_options[49m[43m,[49m
[1;32m    766[0m [43m        [49m[43minclude_path_column[49m[38;5;241;43m=[39;49m[43minclude_path_column[49m[43m,[49m
[1;32m    767[0m [43m        [49m[38;5;241;43m*[39;49m[38;5;241;43m*[39;49m[43mkwargs[49m[43m,[49m
[1;32m    768[0m [43m    [49m[43m)[49m

File [0;32m~/miniconda3/envs/ciofs/lib/python3.10/site-packages/dask/dataframe/io/csv.py:559[0m, in [0;36mread_pandas[0;34m(reader, urlpath, blocksize, lineterminator, compression, sample, sample_rows, enforce, assume_missing, storage_options, include_path_column, **kwargs)[0m
[1;32m    558[0m b_lineterminator [38;5;241m=[39m lineterminator[38;5;241m.[39mencode()
[0;32m--> 559[0m b_out [38;5;241m=[39m [43mread_bytes[49m[43m([49m
[1;32m    560[0m [43m    [49m[43murlpath[49m[43m,[49m
[1;32m    561[0m [43m    [49m[43mdelimiter[49m[38;5;241;43m=[39;49m[43mb_lineterminator[49m[43m,[49m
[1;32m    562[0m [43m    [49m[43mblocksize[49m[38;5;241;43m=[39;49m[43mblocksize[49m[43m,[49m
[1;32m    563[0m [43m    [49m[43msample[49m[38;5;241;43m=[39;49m[43msample[49m[43m,[49m
[1;32m    564[0m [43m    [49m[43mcompression[49m[38;5;241;43m=[39;49m[43mcompression[49m[43m,[49m
[1;32m    565[0m [43m    [49m[43minclude_path[49m[38;5;241;43m=[39;49m[43minclude_path_column[49m[43m,[49m
[1;32m    566[0m [43m    [49m[38;5;241;43m*[39;49m[38;5;241;43m*[39;49m[43m([49m[43mstorage_options[49m[43m [49m[38;5;129;43;01mor[39;49;00m[43m [49m[43m{[49m[43m}[49m[43m)[49m[43m,[49m
[1;32m    567[0m [43m[49m[43m)[49m
[1;32m    569[0m [38;5;28;01mif[39;00m include_path_column:

File [0;32m~/miniconda3/envs/ciofs/lib/python3.10/site-packages/dask/bytes/core.py:171[0m, in [0;36mread_bytes[0;34m(urlpath, delimiter, not_zero, blocksize, sample, compression, include_path, **kwargs)[0m
[1;32m    170[0m [38;5;28;01melse[39;00m:
[0;32m--> 171[0m     sample_buff [38;5;241m=[39m [43mf[49m[38;5;241;43m.[39;49m[43mread[49m[43m([49m[43msample[49m[43m)[49m
[1;32m    172[0m     [38;5;28;01mwhile[39;00m [38;5;28;01mTrue[39;00m:

File [0;32m~/miniconda3/envs/ciofs/lib/python3.10/site-packages/fsspec/implementations/http.py:600[0m, in [0;36mHTTPFile.read[0;34m(self, length)[0m
[1;32m    599[0m     length [38;5;241m=[39m [38;5;28mmin[39m([38;5;28mself[39m[38;5;241m.[39msize [38;5;241m-[39m [38;5;28mself[39m[38;5;241m.[39mloc, length)
[0;32m--> 600[0m [38;5;28;01mreturn[39;00m [38;5;28;43msuper[39;49m[43m([49m[43m)[49m[38;5;241;43m.[39;49m[43mread[49m[43m([49m[43mlength[49m[43m)[49m

File [0;32m~/miniconda3/envs/ciofs/lib/python3.10/site-packages/fsspec/spec.py:1700[0m, in [0;36mAbstractBufferedFile.read[0;34m(self, length)[0m
[1;32m   1699[0m     [38;5;28;01mreturn[39;00m [38;5;124mb[39m[38;5;124m"[39m[38;5;124m"[39m
[0;32m-> 1700[0m out [38;5;241m=[39m [38;5;28;43mself[39;49m[38;5;241;43m.[39;49m[43mcache[49m[38;5;241;43m.[39;49m[43m_fetch[49m[43m([49m[38;5;28;43mself[39;49m[38;5;241;43m.[39;49m[43mloc[49m[43m,[49m[43m [49m[38;5;28;43mself[39;49m[38;5;241;43m.[39;49m[43mloc[49m[43m [49m[38;5;241;43m+[39;49m[43m [49m[43mlength[49m[43m)[49m
[1;32m   1701[0m [38;5;28mself[39m[38;5;241m.[39mloc [38;5;241m+[39m[38;5;241m=[39m [38;5;28mlen[39m(out)

File [0;32m~/miniconda3/envs/ciofs/lib/python3.10/site-packages/fsspec/caching.py:380[0m, in [0;36mBytesCache._fetch[0;34m(self, start, end)[0m
[1;32m    376[0m [38;5;28;01mif[39;00m ([38;5;28mself[39m[38;5;241m.[39mstart [38;5;129;01mis[39;00m [38;5;28;01mNone[39;00m [38;5;129;01mor[39;00m start [38;5;241m<[39m [38;5;28mself[39m[38;5;241m.[39mstart) [38;5;129;01mand[39;00m (
[1;32m    377[0m     [38;5;28mself[39m[38;5;241m.[39mend [38;5;129;01mis[39;00m [38;5;28;01mNone[39;00m [38;5;129;01mor[39;00m end [38;5;241m>[39m [38;5;28mself[39m[38;5;241m.[39mend
[1;32m    378[0m ):
[1;32m    379[0m     [38;5;66;03m# First read, or extending both before and after[39;00m
[0;32m--> 380[0m     [38;5;28mself[39m[38;5;241m.[39mcache [38;5;241m=[39m [38;5;28;43mself[39;49m[38;5;241;43m.[39;49m[43mfetcher[49m[43m([49m[43mstart[49m[43m,[49m[43m [49m[43mbend[49m[43m)[49m
[1;32m    381[0m     [38;5;28mself[39m[38;5;241m.[39mstart [38;5;241m=[39m start

File [0;32m~/miniconda3/envs/ciofs/lib/python3.10/site-packages/fsspec/asyn.py:115[0m, in [0;36msync_wrapper.<locals>.wrapper[0;34m(*args, **kwargs)[0m
[1;32m    114[0m [38;5;28mself[39m [38;5;241m=[39m obj [38;5;129;01mor[39;00m args[[38;5;241m0[39m]
[0;32m--> 115[0m [38;5;28;01mreturn[39;00m [43msync[49m[43m([49m[38;5;28;43mself[39;49m[38;5;241;43m.[39;49m[43mloop[49m[43m,[49m[43m [49m[43mfunc[49m[43m,[49m[43m [49m[38;5;241;43m*[39;49m[43margs[49m[43m,[49m[43m [49m[38;5;241;43m*[39;49m[38;5;241;43m*[39;49m[43mkwargs[49m[43m)[49m

File [0;32m~/miniconda3/envs/ciofs/lib/python3.10/site-packages/fsspec/asyn.py:98[0m, in [0;36msync[0;34m(loop, func, timeout, *args, **kwargs)[0m
[1;32m     96[0m [38;5;28;01mif[39;00m [38;5;28misinstance[39m(return_result, asyncio[38;5;241m.[39mTimeoutError):
[1;32m     97[0m     [38;5;66;03m# suppress asyncio.TimeoutError, raise FSTimeoutError[39;00m
[0;32m---> 98[0m     [38;5;28;01mraise[39;00m FSTimeoutError [38;5;28;01mfrom[39;00m [38;5;21;01mreturn_result[39;00m
[1;32m     99[0m [38;5;28;01melif[39;00m [38;5;28misinstance[39m(return_result, [38;5;167;01mBaseException[39;00m):

[0;31mFSTimeoutError[0m: 

The above exception was the direct cause of the following exception:

[0;31mFSTimeoutError[0m                            Traceback (most recent call last)
Cell [0;32mIn[75], line 1[0m
[0;32m----> 1[0m [43mcat[49m[43m[[49m[38;5;124;43m'[39;49m[38;5;124;43m2005-07-16[39;49m[38;5;124;43m'[39;49m[43m][49m[38;5;241;43m.[39;49m[43mplot[49m[38;5;241;43m.[39;49m[43msalt[49m[43m([49m[43m)[49m [38;5;241m+[39m cat[[38;5;124m'[39m[38;5;124m2005-07-16[39m[38;5;124m'[39m][38;5;241m.[39mplot[38;5;241m.[39mtemp()

File [0;32m~/miniconda3/envs/ciofs/lib/python3.10/site-packages/hvplot/plotting/core.py:92[0m, in [0;36mhvPlotBase.__call__[0;34m(self, x, y, kind, **kwds)[0m
[1;32m     89[0m         plot [38;5;241m=[39m [38;5;28mself[39m[38;5;241m.[39m_get_converter(x, y, kind, [38;5;241m*[39m[38;5;241m*[39mkwds)(kind, x, y)
[1;32m     90[0m         [38;5;28;01mreturn[39;00m pn[38;5;241m.[39mpanel(plot, [38;5;241m*[39m[38;5;241m*[39mpanel_dict)
[0;32m---> 92[0m [38;5;28;01mreturn[39;00m [38;5;28;43mself[39;49m[38;5;241;43m.[39;49m[43m_get_converter[49m[43m([49m[43mx[49m[43m,[49m[43m [49m[43my[49m[43m,[49m[43m [49m[43mkind[49m[43m,[49m[43m [49m[38;5;241;43m*[39;49m[38;5;241;43m*[39;49m[43mkwds[49m[43m)[49m(kind, x, y)

File [0;32m~/miniconda3/envs/ciofs/lib/python3.10/site-packages/hvplot/plotting/core.py:99[0m, in [0;36mhvPlotBase._get_converter[0;34m(self, x, y, kind, **kwds)[0m
[1;32m     97[0m y [38;5;241m=[39m y [38;5;129;01mor[39;00m params[38;5;241m.[39mpop([38;5;124m"[39m[38;5;124my[39m[38;5;124m"[39m, [38;5;28;01mNone[39;00m)
[1;32m     98[0m kind [38;5;241m=[39m kind [38;5;129;01mor[39;00m params[38;5;241m.[39mpop([38;5;124m"[39m[38;5;124mkind[39m[38;5;124m"[39m, [38;5;28;01mNone[39;00m)
[0;32m---> 99[0m [38;5;28;01mreturn[39;00m [43mHoloViewsConverter[49m[43m([49m[38;5;28;43mself[39;49m[38;5;241;43m.[39;49m[43m_data[49m[43m,[49m[43m [49m[43mx[49m[43m,[49m[43m [49m[43my[49m[43m,[49m[43m [49m[43mkind[49m[38;5;241;43m=[39;49m[43mkind[49m[43m,[49m[43m [49m[38;5;241;43m*[39;49m[38;5;241;43m*[39;49m[43mparams[49m[43m)[49m

File [0;32m~/miniconda3/envs/ciofs/lib/python3.10/site-packages/hvplot/converter.py:389[0m, in [0;36mHoloViewsConverter.__init__[0;34m(self, data, x, y, kind, by, use_index, group_label, value_label, backlog, persist, use_dask, crs, fields, groupby, dynamic, grid, legend, rot, title, xlim, ylim, clim, symmetric, logx, logy, loglog, hover, subplots, label, invert, stacked, colorbar, datashade, rasterize, row, col, debug, framewise, aggregator, projection, global_extent, geo, precompute, flip_xaxis, flip_yaxis, dynspread, hover_cols, x_sampling, y_sampling, project, tools, attr_labels, coastline, tiles, sort_date, check_symmetric_max, transforms, stream, cnorm, features, rescale_discrete_levels, **kwds)[0m
[1;32m    387[0m [38;5;28mself[39m[38;5;241m.[39mvalue_label [38;5;241m=[39m value_label
[1;32m    388[0m [38;5;28mself[39m[38;5;241m.[39mlabel [38;5;241m=[39m label
[0;32m--> 389[0m [38;5;28;43mself[39;49m[38;5;241;43m.[39;49m[43m_process_data[49m[43m([49m
[1;32m    390[0m [43m    [49m[43mkind[49m[43m,[49m[43m [49m[43mdata[49m[43m,[49m[43m [49m[43mx[49m[43m,[49m[43m [49m[43my[49m[43m,[49m[43m [49m[43mby[49m[43m,[49m[43m [49m[43mgroupby[49m[43m,[49m[43m [49m[43mrow[49m[43m,[49m[43m [49m[43mcol[49m[43m,[49m[43m [49m[43muse_dask[49m[43m,[49m
[1;32m    391[0m [43m    [49m[43mpersist[49m[43m,[49m[43m [49m[43mbacklog[49m[43m,[49m[43m [49m[43mlabel[49m[43m,[49m[43m [49m[43mgroup_label[49m[43m,[49m[43m [49m[43mvalue_label[49m[43m,[49m
[1;32m    392[0m [43m    [49m[43mhover_cols[49m[43m,[49m[43m [49m[43mattr_labels[49m[43m,[49m[43m [49m[43mtransforms[49m[43m,[49m[43m [49m[43mstream[49m[43m,[49m[43m [49m[43mkwds[49m
[1;32m    393[0m [43m[49m[43m)[49m
[1;32m    395[0m [38;5;28mself[39m[38;5;241m.[39mdynamic [38;5;241m=[39m dynamic
[1;32m    396[0m [38;5;28mself[39m[38;5;241m.[39mgeo [38;5;241m=[39m [38;5;28many[39m([geo, crs, global_extent, projection, project, coastline, features])

File [0;32m~/miniconda3/envs/ciofs/lib/python3.10/site-packages/hvplot/converter.py:673[0m, in [0;36mHoloViewsConverter._process_data[0;34m(self, kind, data, x, y, by, groupby, row, col, use_dask, persist, backlog, label, group_label, value_label, hover_cols, attr_labels, transforms, stream, kwds)[0m
[1;32m    671[0m     data [38;5;241m=[39m data[38;5;241m.[39mto_frame()
[1;32m    672[0m [38;5;28;01mif[39;00m is_intake(data):
[0;32m--> 673[0m     data [38;5;241m=[39m [43mprocess_intake[49m[43m([49m[43mdata[49m[43m,[49m[43m [49m[43muse_dask[49m[43m [49m[38;5;129;43;01mor[39;49;00m[43m [49m[43mpersist[49m[43m)[49m
[1;32m    674[0m [38;5;66;03m# Pandas interface in HoloViews doesn't accept non-string columns.[39;00m
[1;32m    675[0m [38;5;66;03m# The converter stores a reference to the source data to[39;00m
[1;32m    676[0m [38;5;66;03m# update the `_dataset` property (of the hv object its __call__ method[39;00m
[1;32m    677[0m [38;5;66;03m# returns) with a hv Dataset created from the source data, which[39;00m
[1;32m    678[0m [38;5;66;03m# is done for optimizating some operations in HoloViews.[39;00m
[1;32m    679[0m data [38;5;241m=[39m _convert_col_names_to_str(data)

File [0;32m~/miniconda3/envs/ciofs/lib/python3.10/site-packages/hvplot/util.py:361[0m, in [0;36mprocess_intake[0;34m(data, use_dask)[0m
[1;32m    359[0m     data [38;5;241m=[39m data[38;5;241m.[39mto_dask()
[1;32m    360[0m [38;5;28;01melse[39;00m:
[0;32m--> 361[0m     data [38;5;241m=[39m [43mdata[49m[38;5;241;43m.[39;49m[43mread[49m[43m([49m[43m)[49m
[1;32m    362[0m [38;5;28;01mreturn[39;00m data

File [0;32m~/projects/ciofs-hindcast-report/ciofs_hindcast_report/src/process.py:47[0m, in [0;36mDataFrameTransform.read[0;34m(self)[0m
[1;32m     45[0m [38;5;28;01mdef[39;00m [38;5;21mread[39m([38;5;28mself[39m):
[1;32m     46[0m     [38;5;66;03m# return self.read()[39;00m
[0;32m---> 47[0m     [38;5;28;01mreturn[39;00m [38;5;28;43mself[39;49m[38;5;241;43m.[39;49m[43mto_dask[49m[43m([49m[43m)[49m

File [0;32m~/projects/ciofs-hindcast-report/ciofs_hindcast_report/src/process.py:33[0m, in [0;36mDataFrameTransform.to_dask[0;34m(self)[0m
[1;32m     31[0m [38;5;28;01mif[39;00m [38;5;28mself[39m[38;5;241m.[39m_df [38;5;129;01mis[39;00m [38;5;28;01mNone[39;00m:
[1;32m     32[0m     [38;5;28mself[39m[38;5;241m.[39m_pick()
[0;32m---> 33[0m     [38;5;28mself[39m[38;5;241m.[39m_df [38;5;241m=[39m [38;5;28mself[39m[38;5;241m.[39m_transform([38;5;28;43mself[39;49m[38;5;241;43m.[39;49m[43m_source[49m[38;5;241;43m.[39;49m[43mto_dask[49m[43m([49m[43m)[49m[38;5;241m.[39mcompute(),
[1;32m     34[0m                                [38;5;241m*[39m[38;5;241m*[39m[38;5;28mself[39m[38;5;241m.[39m_params[[38;5;124m"[39m[38;5;124mtransform_kwargs[39m[38;5;124m"[39m])
[1;32m     35[0m [38;5;28;01mreturn[39;00m [38;5;28mself[39m[38;5;241m.[39m_df

File [0;32m~/miniconda3/envs/ciofs/lib/python3.10/site-packages/intake/source/csv.py:122[0m, in [0;36mCSVSource.to_dask[0;34m(self)[0m
[1;32m    121[0m [38;5;28;01mdef[39;00m [38;5;21mto_dask[39m([38;5;28mself[39m):
[0;32m--> 122[0m     [38;5;28;43mself[39;49m[38;5;241;43m.[39;49m[43m_get_schema[49m[43m([49m[43m)[49m
[1;32m    123[0m     [38;5;28;01mreturn[39;00m [38;5;28mself[39m[38;5;241m.[39m_dataframe

File [0;32m~/miniconda3/envs/ciofs/lib/python3.10/site-packages/intake/source/csv.py:107[0m, in [0;36mCSVSource._get_schema[0;34m(self)[0m
[1;32m    104[0m urlpath [38;5;241m=[39m [38;5;28mself[39m[38;5;241m.[39m_get_cache([38;5;28mself[39m[38;5;241m.[39m_urlpath)[[38;5;241m0[39m]
[1;32m    106[0m [38;5;28;01mif[39;00m [38;5;28mself[39m[38;5;241m.[39m_dataframe [38;5;129;01mis[39;00m [38;5;28;01mNone[39;00m:
[0;32m--> 107[0m     [38;5;28;43mself[39;49m[38;5;241;43m.[39;49m[43m_open_dataset[49m[43m([49m[43murlpath[49m[43m)[49m
[1;32m    109[0m dtypes [38;5;241m=[39m [38;5;28mself[39m[38;5;241m.[39m_dataframe[38;5;241m.[39m_meta[38;5;241m.[39mdtypes[38;5;241m.[39mto_dict()
[1;32m    110[0m dtypes [38;5;241m=[39m {n: [38;5;28mstr[39m(t) [38;5;28;01mfor[39;00m (n, t) [38;5;129;01min[39;00m dtypes[38;5;241m.[39mitems()}

File [0;32m~/miniconda3/envs/ciofs/lib/python3.10/site-packages/intake/source/csv.py:89[0m, in [0;36mCSVSource._open_dataset[0;34m(self, urlpath)[0m
[1;32m     86[0m [38;5;28;01mimport[39;00m [38;5;21;01mdask[39;00m[38;5;21;01m.[39;00m[38;5;21;01mdataframe[39;00m
[1;32m     88[0m [38;5;28;01mif[39;00m [38;5;28mself[39m[38;5;241m.[39mpattern [38;5;129;01mis[39;00m [38;5;28;01mNone[39;00m:
[0;32m---> 89[0m     [38;5;28mself[39m[38;5;241m.[39m_dataframe [38;5;241m=[39m [43mdask[49m[38;5;241;43m.[39;49m[43mdataframe[49m[38;5;241;43m.[39;49m[43mread_csv[49m[43m([49m[43murlpath[49m[43m,[49m[43m [49m[43mstorage_options[49m[38;5;241;43m=[39;49m[38;5;28;43mself[39;49m[38;5;241;43m.[39;49m[43m_storage_options[49m[43m,[49m[43m [49m[38;5;241;43m*[39;49m[38;5;241;43m*[39;49m[38;5;28;43mself[39;49m[38;5;241;43m.[39;49m[43m_csv_kwargs[49m[43m)[49m
[1;32m     90[0m     [38;5;28;01mreturn[39;00m
[1;32m     92[0m drop_path_column [38;5;241m=[39m [38;5;124m"[39m[38;5;124minclude_path_column[39m[38;5;124m"[39m [38;5;129;01mnot[39;00m [38;5;129;01min[39;00m [38;5;28mself[39m[38;5;241m.[39m_csv_kwargs

File [0;32m~/miniconda3/envs/ciofs/lib/python3.10/site-packages/dask/backends.py:135[0m, in [0;36mCreationDispatch.register_inplace.<locals>.decorator.<locals>.wrapper[0;34m(*args, **kwargs)[0m
[1;32m    133[0m     [38;5;28;01mreturn[39;00m func([38;5;241m*[39margs, [38;5;241m*[39m[38;5;241m*[39mkwargs)
[1;32m    134[0m [38;5;28;01mexcept[39;00m [38;5;167;01mException[39;00m [38;5;28;01mas[39;00m e:
[0;32m--> 135[0m     [38;5;28;01mraise[39;00m [38;5;28mtype[39m(e)(
[1;32m    136[0m         [38;5;124mf[39m[38;5;124m"[39m[38;5;124mAn error occurred while calling the [39m[38;5;132;01m{[39;00mfuncname(func)[38;5;132;01m}[39;00m[38;5;124m [39m[38;5;124m"[39m
[1;32m    137[0m         [38;5;124mf[39m[38;5;124m"[39m[38;5;124mmethod registered to the [39m[38;5;132;01m{[39;00m[38;5;28mself[39m[38;5;241m.[39mbackend[38;5;132;01m}[39;00m[38;5;124m backend.[39m[38;5;130;01m\n[39;00m[38;5;124m"[39m
[1;32m    138[0m         [38;5;124mf[39m[38;5;124m"[39m[38;5;124mOriginal Message: [39m[38;5;132;01m{[39;00me[38;5;132;01m}[39;00m[38;5;124m"[39m
[1;32m    139[0m     ) [38;5;28;01mfrom[39;00m [38;5;21;01me[39;00m

[0;31mFSTimeoutError[0m: An error occurred while calling the read_csv method registered to the pandas backend.
Original Message: 
FSTimeoutError: An error occurred while calling the read_csv method registered to the pandas backend.
Original Message: 

